<?xml version="1.0" encoding="UTF-8"?>
<!-- Generated by org.testng.reporters.JUnitReportReporter -->
<testsuite hostname="LAPTOP-6HPBE1TN" failures="0" tests="1" name="com.excelr.project.OrengeHRMProject1.AddUser" time="92.897" errors="0" timestamp="2023-02-22T14:29:50 IST" skipped="0">
  <testcase classname="com.excelr.project.OrengeHRMProject1.AddUser" name="Employ_Review" time="92.897"/>
  <system-out/>
</testsuite> <!-- com.excelr.project.OrengeHRMProject1.AddUser -->
