<?xml version="1.0" encoding="UTF-8"?>
<!-- Generated by org.testng.reporters.JUnitReportReporter -->
<testsuite hostname="LAPTOP-6HPBE1TN" failures="0" tests="1" name="com.excelr.project.OrengeHRMProject1.LoginPage" time="94.790" errors="0" timestamp="2023-02-22T12:04:55 IST" skipped="0">
  <testcase classname="com.excelr.project.OrengeHRMProject1.LoginPage" name="Login" time="94.790"/>
  <system-out/>
</testsuite> <!-- com.excelr.project.OrengeHRMProject1.LoginPage -->
