<?xml version="1.0" encoding="UTF-8"?>
<!-- Generated by org.testng.reporters.JUnitReportReporter -->
<testsuite hostname="LAPTOP-6HPBE1TN" failures="0" tests="1" name="com.project.WebMath.NewTest" time="34.511" errors="0" timestamp="2023-03-01T15:24:59 IST" skipped="0">
  <testcase classname="com.project.WebMath.NewTest" name="homePage" time="34.511"/>
  <system-out/>
</testsuite> <!-- com.project.WebMath.NewTest -->
