<?xml version="1.0" encoding="UTF-8"?>
<!-- Generated by org.testng.reporters.JUnitReportReporter -->
<testsuite hostname="LAPTOP-6HPBE1TN" failures="0" tests="1" name="com.project.WebMath.HomePage" time="62.920" errors="0" timestamp="2023-03-03T10:58:45 IST" skipped="0">
  <testcase classname="com.project.WebMath.HomePage" name="homePage" time="62.920"/>
  <system-out/>
</testsuite> <!-- com.project.WebMath.HomePage -->
