<?xml version="1.0" encoding="UTF-8"?>
<!-- Generated by org.testng.reporters.JUnitReportReporter -->
<testsuite hostname="LAPTOP-6HPBE1TN" failures="0" tests="1" name="com.project.WebMath.UnitCoversion" time="41.630" errors="0" timestamp="2023-03-02T23:12:56 IST" skipped="0">
  <testcase classname="com.project.WebMath.UnitCoversion" name="algebraPage" time="41.630"/>
  <system-out/>
</testsuite> <!-- com.project.WebMath.UnitCoversion -->
