<?xml version="1.0" encoding="UTF-8"?>
<!-- Generated by org.testng.reporters.JUnitReportReporter -->
<testsuite hostname="LAPTOP-6HPBE1TN" failures="0" tests="1" name="com.project.WebMath.ChooseMathHelpItem" time="88.415" errors="0" timestamp="2023-03-03T11:30:06 IST" skipped="0">
  <testcase classname="com.project.WebMath.ChooseMathHelpItem" name="mathItem" time="88.415"/>
  <system-out/>
</testsuite> <!-- com.project.WebMath.ChooseMathHelpItem -->
